{"/Users/thinh.vo/sts/hopefull/apps/api/src/appointments/appointments.controller.ts": {"path":"/Users/thinh.vo/sts/hopefull/apps/api/src/appointments/appointments.controller.ts","statementMap":{"0":{"start":{"line":1,"column":0},"end":{"line":1,"column":null}},"1":{"start":{"line":12,"column":0},"end":{"line":12,"column":81}},"2":{"start":{"line":13,"column":0},"end":{"line":13,"column":61}},"3":{"start":{"line":14,"column":0},"end":{"line":14,"column":61}},"4":{"start":{"line":20,"column":7},"end":{"line":116,"column":null}},"5":{"start":{"line":21,"column":22},"end":{"line":21,"column":43}},"6":{"start":{"line":37,"column":4},"end":{"line":45,"column":7}},"7":{"start":{"line":55,"column":4},"end":{"line":55,"column":68}},"8":{"start":{"line":66,"column":4},"end":{"line":66,"column":73}},"9":{"start":{"line":72,"column":4},"end":{"line":72,"column":49}},"10":{"start":{"line":78,"column":4},"end":{"line":78,"column":61}},"11":{"start":{"line":88,"column":4},"end":{"line":88,"column":73}},"12":{"start":{"line":98,"column":4},"end":{"line":98,"column":81}},"13":{"start":{"line":114,"column":4},"end":{"line":114,"column":69}},"14":{"start":{"line":20,"column":13},"end":{"line":20,"column":35}},"15":{"start":{"line":25,"column":8},"end":{"line":46,"column":null}},"16":{"start":{"line":51,"column":8},"end":{"line":56,"column":null}},"17":{"start":{"line":61,"column":8},"end":{"line":67,"column":null}},"18":{"start":{"line":71,"column":8},"end":{"line":73,"column":null}},"19":{"start":{"line":77,"column":8},"end":{"line":79,"column":null}},"20":{"start":{"line":83,"column":8},"end":{"line":89,"column":null}},"21":{"start":{"line":93,"column":8},"end":{"line":99,"column":null}},"22":{"start":{"line":103,"column":8},"end":{"line":115,"column":null}},"23":{"start":{"line":20,"column":13},"end":{"line":116,"column":null}}},"fnMap":{"0":{"name":"(anonymous_4)","decl":{"start":{"line":21,"column":2},"end":{"line":21,"column":22}},"loc":{"start":{"line":21,"column":62},"end":{"line":21,"column":66}}},"1":{"name":"(anonymous_5)","decl":{"start":{"line":25,"column":2},"end":{"line":25,"column":7}},"loc":{"start":{"line":35,"column":5},"end":{"line":46,"column":3}}},"2":{"name":"(anonymous_6)","decl":{"start":{"line":51,"column":2},"end":{"line":51,"column":7}},"loc":{"start":{"line":53,"column":49},"end":{"line":56,"column":3}}},"3":{"name":"(anonymous_7)","decl":{"start":{"line":61,"column":2},"end":{"line":61,"column":7}},"loc":{"start":{"line":63,"column":49},"end":{"line":67,"column":3}}},"4":{"name":"(anonymous_8)","decl":{"start":{"line":71,"column":2},"end":{"line":71,"column":7}},"loc":{"start":{"line":71,"column":40},"end":{"line":73,"column":3}}},"5":{"name":"(anonymous_9)","decl":{"start":{"line":77,"column":2},"end":{"line":77,"column":7}},"loc":{"start":{"line":77,"column":60},"end":{"line":79,"column":3}}},"6":{"name":"(anonymous_10)","decl":{"start":{"line":83,"column":2},"end":{"line":83,"column":7}},"loc":{"start":{"line":86,"column":36},"end":{"line":89,"column":3}}},"7":{"name":"(anonymous_11)","decl":{"start":{"line":93,"column":2},"end":{"line":93,"column":7}},"loc":{"start":{"line":96,"column":43},"end":{"line":99,"column":3}}},"8":{"name":"(anonymous_12)","decl":{"start":{"line":103,"column":2},"end":{"line":103,"column":7}},"loc":{"start":{"line":112,"column":5},"end":{"line":115,"column":3}}}},"branchMap":{},"s":{"0":1,"1":1,"2":1,"3":1,"4":1,"5":12,"6":1,"7":2,"8":2,"9":1,"10":1,"11":1,"12":2,"13":2,"14":1,"15":1,"16":1,"17":1,"18":1,"19":1,"20":1,"21":1,"22":1,"23":1},"f":{"0":12,"1":1,"2":2,"3":2,"4":1,"5":1,"6":1,"7":2,"8":2},"b":{}}
,"/Users/thinh.vo/sts/hopefull/apps/api/src/appointments/appointments.service.ts": {"path":"/Users/thinh.vo/sts/hopefull/apps/api/src/appointments/appointments.service.ts","statementMap":{"0":{"start":{"line":1,"column":0},"end":{"line":1,"column":null}},"1":{"start":{"line":7,"column":0},"end":{"line":7,"column":57}},"2":{"start":{"line":8,"column":0},"end":{"line":8,"column":76}},"3":{"start":{"line":11,"column":7},"end":{"line":330,"column":null}},"4":{"start":{"line":12,"column":22},"end":{"line":12,"column":30}},"5":{"start":{"line":25,"column":22},"end":{"line":27,"column":6}},"6":{"start":{"line":29,"column":4},"end":{"line":31,"column":5}},"7":{"start":{"line":30,"column":6},"end":{"line":30,"column":57}},"8":{"start":{"line":34,"column":24},"end":{"line":40,"column":6}},"9":{"start":{"line":42,"column":4},"end":{"line":44,"column":5}},"10":{"start":{"line":43,"column":6},"end":{"line":43,"column":66}},"11":{"start":{"line":46,"column":4},"end":{"line":71,"column":7}},"12":{"start":{"line":75,"column":48},"end":{"line":75,"column":58}},"13":{"start":{"line":77,"column":4},"end":{"line":85,"column":5}},"14":{"start":{"line":78,"column":6},"end":{"line":78,"column":46}},"15":{"start":{"line":79,"column":6},"end":{"line":79,"column":54}},"16":{"start":{"line":80,"column":11},"end":{"line":85,"column":5}},"17":{"start":{"line":81,"column":6},"end":{"line":84,"column":8}},"18":{"start":{"line":87,"column":4},"end":{"line":104,"column":7}},"19":{"start":{"line":108,"column":48},"end":{"line":108,"column":63}},"20":{"start":{"line":110,"column":4},"end":{"line":118,"column":5}},"21":{"start":{"line":111,"column":6},"end":{"line":111,"column":46}},"22":{"start":{"line":112,"column":6},"end":{"line":112,"column":54}},"23":{"start":{"line":113,"column":11},"end":{"line":118,"column":5}},"24":{"start":{"line":114,"column":6},"end":{"line":117,"column":8}},"25":{"start":{"line":120,"column":4},"end":{"line":134,"column":7}},"26":{"start":{"line":138,"column":24},"end":{"line":164,"column":6}},"27":{"start":{"line":166,"column":4},"end":{"line":168,"column":5}},"28":{"start":{"line":167,"column":6},"end":{"line":167,"column":59}},"29":{"start":{"line":170,"column":4},"end":{"line":170,"column":23}},"30":{"start":{"line":174,"column":24},"end":{"line":176,"column":6}},"31":{"start":{"line":178,"column":4},"end":{"line":180,"column":5}},"32":{"start":{"line":179,"column":6},"end":{"line":179,"column":59}},"33":{"start":{"line":182,"column":4},"end":{"line":184,"column":5}},"34":{"start":{"line":183,"column":6},"end":{"line":183,"column":53}},"35":{"start":{"line":186,"column":4},"end":{"line":188,"column":5}},"36":{"start":{"line":187,"column":6},"end":{"line":187,"column":71}},"37":{"start":{"line":190,"column":4},"end":{"line":196,"column":7}},"38":{"start":{"line":205,"column":24},"end":{"line":207,"column":6}},"39":{"start":{"line":209,"column":4},"end":{"line":211,"column":5}},"40":{"start":{"line":210,"column":6},"end":{"line":210,"column":59}},"41":{"start":{"line":214,"column":4},"end":{"line":216,"column":5}},"42":{"start":{"line":215,"column":6},"end":{"line":215,"column":53}},"43":{"start":{"line":218,"column":4},"end":{"line":220,"column":5}},"44":{"start":{"line":219,"column":6},"end":{"line":219,"column":53}},"45":{"start":{"line":222,"column":4},"end":{"line":227,"column":5}},"46":{"start":{"line":226,"column":6},"end":{"line":226,"column":71}},"47":{"start":{"line":231,"column":6},"end":{"line":231,"column":73}},"48":{"start":{"line":233,"column":27},"end":{"line":233,"column":28}},"49":{"start":{"line":234,"column":4},"end":{"line":238,"column":5}},"50":{"start":{"line":235,"column":6},"end":{"line":235,"column":29}},"51":{"start":{"line":236,"column":11},"end":{"line":238,"column":5}},"52":{"start":{"line":237,"column":6},"end":{"line":237,"column":28}},"53":{"start":{"line":241,"column":4},"end":{"line":248,"column":7}},"54":{"start":{"line":252,"column":24},"end":{"line":254,"column":6}},"55":{"start":{"line":256,"column":4},"end":{"line":258,"column":5}},"56":{"start":{"line":257,"column":6},"end":{"line":257,"column":59}},"57":{"start":{"line":260,"column":4},"end":{"line":262,"column":5}},"58":{"start":{"line":261,"column":6},"end":{"line":261,"column":53}},"59":{"start":{"line":264,"column":4},"end":{"line":271,"column":7}},"60":{"start":{"line":284,"column":24},"end":{"line":286,"column":6}},"61":{"start":{"line":288,"column":4},"end":{"line":290,"column":5}},"62":{"start":{"line":289,"column":6},"end":{"line":289,"column":59}},"63":{"start":{"line":292,"column":4},"end":{"line":294,"column":5}},"64":{"start":{"line":293,"column":6},"end":{"line":293,"column":53}},"65":{"start":{"line":296,"column":4},"end":{"line":298,"column":5}},"66":{"start":{"line":297,"column":6},"end":{"line":297,"column":78}},"67":{"start":{"line":301,"column":19},"end":{"line":311,"column":6}},"68":{"start":{"line":314,"column":18},"end":{"line":318,"column":6}},"69":{"start":{"line":320,"column":4},"end":{"line":326,"column":7}},"70":{"start":{"line":328,"column":4},"end":{"line":328,"column":18}},"71":{"start":{"line":11,"column":13},"end":{"line":11,"column":32}},"72":{"start":{"line":11,"column":13},"end":{"line":330,"column":null}}},"fnMap":{"0":{"name":"(anonymous_2)","decl":{"start":{"line":12,"column":2},"end":{"line":12,"column":22}},"loc":{"start":{"line":12,"column":43},"end":{"line":12,"column":47}}},"1":{"name":"(anonymous_3)","decl":{"start":{"line":14,"column":2},"end":{"line":14,"column":7}},"loc":{"start":{"line":23,"column":3},"end":{"line":72,"column":3}}},"2":{"name":"(anonymous_4)","decl":{"start":{"line":74,"column":2},"end":{"line":74,"column":7}},"loc":{"start":{"line":74,"column":63},"end":{"line":105,"column":3}}},"3":{"name":"(anonymous_5)","decl":{"start":{"line":107,"column":2},"end":{"line":107,"column":7}},"loc":{"start":{"line":107,"column":73},"end":{"line":135,"column":3}}},"4":{"name":"(anonymous_6)","decl":{"start":{"line":137,"column":2},"end":{"line":137,"column":7}},"loc":{"start":{"line":137,"column":27},"end":{"line":171,"column":3}}},"5":{"name":"(anonymous_7)","decl":{"start":{"line":173,"column":2},"end":{"line":173,"column":7}},"loc":{"start":{"line":173,"column":47},"end":{"line":197,"column":3}}},"6":{"name":"(anonymous_8)","decl":{"start":{"line":199,"column":2},"end":{"line":199,"column":7}},"loc":{"start":{"line":203,"column":23},"end":{"line":249,"column":3}}},"7":{"name":"(anonymous_9)","decl":{"start":{"line":251,"column":2},"end":{"line":251,"column":7}},"loc":{"start":{"line":251,"column":71},"end":{"line":272,"column":3}}},"8":{"name":"(anonymous_10)","decl":{"start":{"line":274,"column":2},"end":{"line":274,"column":7}},"loc":{"start":{"line":282,"column":5},"end":{"line":329,"column":3}}}},"branchMap":{"0":{"loc":{"start":{"line":29,"column":4},"end":{"line":31,"column":5}},"type":"if","locations":[{"start":{"line":29,"column":4},"end":{"line":31,"column":5}}]},"1":{"loc":{"start":{"line":42,"column":4},"end":{"line":44,"column":5}},"type":"if","locations":[{"start":{"line":42,"column":4},"end":{"line":44,"column":5}}]},"2":{"loc":{"start":{"line":53,"column":14},"end":{"line":53,"column":52}},"type":"binary-expr","locations":[{"start":{"line":53,"column":14},"end":{"line":53,"column":23}},{"start":{"line":53,"column":27},"end":{"line":53,"column":52}}]},"3":{"loc":{"start":{"line":77,"column":4},"end":{"line":85,"column":5}},"type":"if","locations":[{"start":{"line":77,"column":4},"end":{"line":85,"column":5}},{"start":{"line":80,"column":11},"end":{"line":85,"column":5}}]},"4":{"loc":{"start":{"line":80,"column":11},"end":{"line":85,"column":5}},"type":"if","locations":[{"start":{"line":80,"column":11},"end":{"line":85,"column":5}}]},"5":{"loc":{"start":{"line":103,"column":30},"end":{"line":103,"column":64}},"type":"cond-expr","locations":[{"start":{"line":103,"column":50},"end":{"line":103,"column":56}},{"start":{"line":103,"column":59},"end":{"line":103,"column":64}}]},"6":{"loc":{"start":{"line":110,"column":4},"end":{"line":118,"column":5}},"type":"if","locations":[{"start":{"line":110,"column":4},"end":{"line":118,"column":5}},{"start":{"line":113,"column":11},"end":{"line":118,"column":5}}]},"7":{"loc":{"start":{"line":113,"column":11},"end":{"line":118,"column":5}},"type":"if","locations":[{"start":{"line":113,"column":11},"end":{"line":118,"column":5}}]},"8":{"loc":{"start":{"line":133,"column":30},"end":{"line":133,"column":64}},"type":"cond-expr","locations":[{"start":{"line":133,"column":50},"end":{"line":133,"column":56}},{"start":{"line":133,"column":59},"end":{"line":133,"column":64}}]},"9":{"loc":{"start":{"line":166,"column":4},"end":{"line":168,"column":5}},"type":"if","locations":[{"start":{"line":166,"column":4},"end":{"line":168,"column":5}}]},"10":{"loc":{"start":{"line":178,"column":4},"end":{"line":180,"column":5}},"type":"if","locations":[{"start":{"line":178,"column":4},"end":{"line":180,"column":5}}]},"11":{"loc":{"start":{"line":182,"column":4},"end":{"line":184,"column":5}},"type":"if","locations":[{"start":{"line":182,"column":4},"end":{"line":184,"column":5}}]},"12":{"loc":{"start":{"line":186,"column":4},"end":{"line":188,"column":5}},"type":"if","locations":[{"start":{"line":186,"column":4},"end":{"line":188,"column":5}}]},"13":{"loc":{"start":{"line":203,"column":4},"end":{"line":203,"column":23}},"type":"default-arg","locations":[{"start":{"line":203,"column":18},"end":{"line":203,"column":23}}]},"14":{"loc":{"start":{"line":209,"column":4},"end":{"line":211,"column":5}},"type":"if","locations":[{"start":{"line":209,"column":4},"end":{"line":211,"column":5}}]},"15":{"loc":{"start":{"line":214,"column":4},"end":{"line":216,"column":5}},"type":"if","locations":[{"start":{"line":214,"column":4},"end":{"line":216,"column":5}}]},"16":{"loc":{"start":{"line":214,"column":8},"end":{"line":214,"column":53}},"type":"binary-expr","locations":[{"start":{"line":214,"column":8},"end":{"line":214,"column":20}},{"start":{"line":214,"column":24},"end":{"line":214,"column":53}}]},"17":{"loc":{"start":{"line":218,"column":4},"end":{"line":220,"column":5}},"type":"if","locations":[{"start":{"line":218,"column":4},"end":{"line":220,"column":5}}]},"18":{"loc":{"start":{"line":218,"column":8},"end":{"line":218,"column":57}},"type":"binary-expr","locations":[{"start":{"line":218,"column":8},"end":{"line":218,"column":19}},{"start":{"line":218,"column":23},"end":{"line":218,"column":57}}]},"19":{"loc":{"start":{"line":222,"column":4},"end":{"line":227,"column":5}},"type":"if","locations":[{"start":{"line":222,"column":4},"end":{"line":227,"column":5}}]},"20":{"loc":{"start":{"line":223,"column":6},"end":{"line":224,"column":56}},"type":"binary-expr","locations":[{"start":{"line":223,"column":6},"end":{"line":223,"column":56}},{"start":{"line":224,"column":6},"end":{"line":224,"column":56}}]},"21":{"loc":{"start":{"line":234,"column":4},"end":{"line":238,"column":5}},"type":"if","locations":[{"start":{"line":234,"column":4},"end":{"line":238,"column":5}},{"start":{"line":236,"column":11},"end":{"line":238,"column":5}}]},"22":{"loc":{"start":{"line":236,"column":11},"end":{"line":238,"column":5}},"type":"if","locations":[{"start":{"line":236,"column":11},"end":{"line":238,"column":5}}]},"23":{"loc":{"start":{"line":256,"column":4},"end":{"line":258,"column":5}},"type":"if","locations":[{"start":{"line":256,"column":4},"end":{"line":258,"column":5}}]},"24":{"loc":{"start":{"line":260,"column":4},"end":{"line":262,"column":5}},"type":"if","locations":[{"start":{"line":260,"column":4},"end":{"line":262,"column":5}}]},"25":{"loc":{"start":{"line":288,"column":4},"end":{"line":290,"column":5}},"type":"if","locations":[{"start":{"line":288,"column":4},"end":{"line":290,"column":5}}]},"26":{"loc":{"start":{"line":292,"column":4},"end":{"line":294,"column":5}},"type":"if","locations":[{"start":{"line":292,"column":4},"end":{"line":294,"column":5}}]},"27":{"loc":{"start":{"line":296,"column":4},"end":{"line":298,"column":5}},"type":"if","locations":[{"start":{"line":296,"column":4},"end":{"line":298,"column":5}}]},"28":{"loc":{"start":{"line":308,"column":14},"end":{"line":308,"column":29}},"type":"binary-expr","locations":[{"start":{"line":308,"column":14},"end":{"line":308,"column":23}},{"start":{"line":308,"column":27},"end":{"line":308,"column":29}}]},"29":{"loc":{"start":{"line":309,"column":21},"end":{"line":309,"column":46}},"type":"binary-expr","locations":[{"start":{"line":309,"column":21},"end":{"line":309,"column":37}},{"start":{"line":309,"column":41},"end":{"line":309,"column":46}}]},"30":{"loc":{"start":{"line":323,"column":23},"end":{"line":323,"column":45}},"type":"binary-expr","locations":[{"start":{"line":323,"column":23},"end":{"line":323,"column":40}},{"start":{"line":323,"column":44},"end":{"line":323,"column":45}}]}},"s":{"0":2,"1":2,"2":2,"3":2,"4":27,"5":3,"6":3,"7":1,"8":2,"9":2,"10":1,"11":1,"12":3,"13":3,"14":1,"15":1,"16":2,"17":1,"18":3,"19":2,"20":2,"21":1,"22":1,"23":1,"24":0,"25":2,"26":2,"27":2,"28":1,"29":1,"30":4,"31":4,"32":1,"33":3,"34":1,"35":2,"36":1,"37":1,"38":6,"39":6,"40":1,"41":5,"42":1,"43":4,"44":0,"45":4,"46":2,"47":2,"48":2,"49":2,"50":2,"51":0,"52":0,"53":2,"54":3,"55":3,"56":1,"57":2,"58":1,"59":1,"60":4,"61":4,"62":1,"63":3,"64":1,"65":2,"66":1,"67":1,"68":1,"69":1,"70":1,"71":2,"72":2},"f":{"0":27,"1":3,"2":3,"3":2,"4":2,"5":4,"6":6,"7":3,"8":4},"b":{"0":[1],"1":[1],"2":[1,1],"3":[1,2],"4":[1],"5":[1,2],"6":[1,1],"7":[0],"8":[0,2],"9":[1],"10":[1],"11":[1],"12":[1],"13":[5],"14":[1],"15":[1],"16":[5,4],"17":[0],"18":[4,1],"19":[2],"20":[4,3],"21":[2,0],"22":[0],"23":[1],"24":[1],"25":[1],"26":[1],"27":[1],"28":[1,0],"29":[1,1],"30":[1,0]}}
,"/Users/thinh.vo/sts/hopefull/apps/api/src/auth/auth.controller.ts": {"path":"/Users/thinh.vo/sts/hopefull/apps/api/src/auth/auth.controller.ts","statementMap":{"0":{"start":{"line":1,"column":0},"end":{"line":1,"column":null}},"1":{"start":{"line":9,"column":0},"end":{"line":9,"column":71}},"2":{"start":{"line":10,"column":0},"end":{"line":10,"column":45}},"3":{"start":{"line":11,"column":0},"end":{"line":11,"column":49}},"4":{"start":{"line":12,"column":0},"end":{"line":12,"column":43}},"5":{"start":{"line":13,"column":0},"end":{"line":13,"column":55}},"6":{"start":{"line":17,"column":7},"end":{"line":47,"column":null}},"7":{"start":{"line":18,"column":22},"end":{"line":18,"column":35}},"8":{"start":{"line":23,"column":4},"end":{"line":23,"column":42}},"9":{"start":{"line":29,"column":4},"end":{"line":29,"column":39}},"10":{"start":{"line":37,"column":4},"end":{"line":37,"column":54}},"11":{"start":{"line":45,"column":4},"end":{"line":45,"column":54}},"12":{"start":{"line":17,"column":13},"end":{"line":17,"column":27}},"13":{"start":{"line":22,"column":8},"end":{"line":24,"column":null}},"14":{"start":{"line":28,"column":8},"end":{"line":30,"column":null}},"15":{"start":{"line":36,"column":8},"end":{"line":38,"column":null}},"16":{"start":{"line":44,"column":8},"end":{"line":46,"column":null}},"17":{"start":{"line":17,"column":13},"end":{"line":47,"column":null}}},"fnMap":{"0":{"name":"(anonymous_4)","decl":{"start":{"line":18,"column":2},"end":{"line":18,"column":22}},"loc":{"start":{"line":18,"column":46},"end":{"line":18,"column":50}}},"1":{"name":"(anonymous_5)","decl":{"start":{"line":22,"column":2},"end":{"line":22,"column":7}},"loc":{"start":{"line":22,"column":41},"end":{"line":24,"column":3}}},"2":{"name":"(anonymous_6)","decl":{"start":{"line":28,"column":2},"end":{"line":28,"column":7}},"loc":{"start":{"line":28,"column":35},"end":{"line":30,"column":3}}},"3":{"name":"(anonymous_7)","decl":{"start":{"line":36,"column":2},"end":{"line":36,"column":7}},"loc":{"start":{"line":36,"column":35},"end":{"line":38,"column":3}}},"4":{"name":"(anonymous_8)","decl":{"start":{"line":44,"column":2},"end":{"line":44,"column":7}},"loc":{"start":{"line":44,"column":33},"end":{"line":46,"column":3}}}},"branchMap":{},"s":{"0":1,"1":1,"2":1,"3":1,"4":1,"5":1,"6":1,"7":4,"8":1,"9":1,"10":1,"11":1,"12":1,"13":1,"14":1,"15":1,"16":1,"17":1},"f":{"0":4,"1":1,"2":1,"3":1,"4":1},"b":{}}
,"/Users/thinh.vo/sts/hopefull/apps/api/src/auth/auth.service.ts": {"path":"/Users/thinh.vo/sts/hopefull/apps/api/src/auth/auth.service.ts","statementMap":{"0":{"start":{"line":1,"column":0},"end":{"line":1,"column":null}},"1":{"start":{"line":7,"column":0},"end":{"line":7,"column":41}},"2":{"start":{"line":8,"column":0},"end":{"line":8,"column":33}},"3":{"start":{"line":9,"column":0},"end":{"line":9,"column":57}},"4":{"start":{"line":12,"column":0},"end":{"line":12,"column":42}},"5":{"start":{"line":15,"column":7},"end":{"line":170,"column":null}},"6":{"start":{"line":17,"column":12},"end":{"line":17,"column":20}},"7":{"start":{"line":18,"column":12},"end":{"line":18,"column":24}},"8":{"start":{"line":23,"column":25},"end":{"line":25,"column":6}},"9":{"start":{"line":27,"column":4},"end":{"line":29,"column":5}},"10":{"start":{"line":28,"column":6},"end":{"line":28,"column":62}},"11":{"start":{"line":32,"column":4},"end":{"line":39,"column":5}},"12":{"start":{"line":33,"column":28},"end":{"line":35,"column":8}},"13":{"start":{"line":36,"column":6},"end":{"line":38,"column":7}},"14":{"start":{"line":37,"column":8},"end":{"line":37,"column":71}},"15":{"start":{"line":42,"column":4},"end":{"line":42,"column":40}},"16":{"start":{"line":45,"column":25},"end":{"line":45,"column":60}},"17":{"start":{"line":48,"column":17},"end":{"line":66,"column":6}},"18":{"start":{"line":69,"column":19},"end":{"line":69,"column":58}},"19":{"start":{"line":71,"column":4},"end":{"line":74,"column":6}},"20":{"start":{"line":78,"column":17},"end":{"line":80,"column":6}},"21":{"start":{"line":82,"column":4},"end":{"line":84,"column":5}},"22":{"start":{"line":83,"column":6},"end":{"line":83,"column":61}},"23":{"start":{"line":86,"column":28},"end":{"line":86,"column":81}},"24":{"start":{"line":88,"column":4},"end":{"line":90,"column":5}},"25":{"start":{"line":89,"column":6},"end":{"line":89,"column":61}},"26":{"start":{"line":93,"column":4},"end":{"line":96,"column":7}},"27":{"start":{"line":98,"column":19},"end":{"line":98,"column":58}},"28":{"start":{"line":100,"column":4},"end":{"line":110,"column":6}},"29":{"start":{"line":114,"column":4},"end":{"line":125,"column":7}},"30":{"start":{"line":129,"column":17},"end":{"line":131,"column":6}},"31":{"start":{"line":133,"column":4},"end":{"line":135,"column":5}},"32":{"start":{"line":134,"column":6},"end":{"line":134,"column":56}},"33":{"start":{"line":137,"column":4},"end":{"line":137,"column":51}},"34":{"start":{"line":141,"column":20},"end":{"line":141,"column":41}},"35":{"start":{"line":143,"column":4},"end":{"line":146,"column":6}},"36":{"start":{"line":150,"column":4},"end":{"line":152,"column":5}},"37":{"start":{"line":151,"column":6},"end":{"line":151,"column":79}},"38":{"start":{"line":154,"column":4},"end":{"line":156,"column":5}},"39":{"start":{"line":155,"column":6},"end":{"line":155,"column":81}},"40":{"start":{"line":158,"column":4},"end":{"line":160,"column":5}},"41":{"start":{"line":159,"column":6},"end":{"line":159,"column":80}},"42":{"start":{"line":162,"column":4},"end":{"line":164,"column":5}},"43":{"start":{"line":163,"column":6},"end":{"line":163,"column":70}},"44":{"start":{"line":166,"column":4},"end":{"line":168,"column":5}},"45":{"start":{"line":167,"column":6},"end":{"line":167,"column":81}},"46":{"start":{"line":15,"column":13},"end":{"line":15,"column":24}},"47":{"start":{"line":15,"column":13},"end":{"line":170,"column":null}}},"fnMap":{"0":{"name":"(anonymous_11)","decl":{"start":{"line":16,"column":2},"end":{"line":16,"column":null}},"loc":{"start":{"line":18,"column":34},"end":{"line":19,"column":6}}},"1":{"name":"(anonymous_12)","decl":{"start":{"line":21,"column":2},"end":{"line":21,"column":7}},"loc":{"start":{"line":21,"column":33},"end":{"line":75,"column":3}}},"2":{"name":"(anonymous_13)","decl":{"start":{"line":77,"column":2},"end":{"line":77,"column":7}},"loc":{"start":{"line":77,"column":27},"end":{"line":111,"column":3}}},"3":{"name":"(anonymous_14)","decl":{"start":{"line":113,"column":2},"end":{"line":113,"column":7}},"loc":{"start":{"line":113,"column":35},"end":{"line":126,"column":3}}},"4":{"name":"(anonymous_15)","decl":{"start":{"line":128,"column":2},"end":{"line":128,"column":7}},"loc":{"start":{"line":128,"column":35},"end":{"line":138,"column":3}}},"5":{"name":"(anonymous_16)","decl":{"start":{"line":140,"column":10},"end":{"line":140,"column":24}},"loc":{"start":{"line":140,"column":55},"end":{"line":147,"column":3}}},"6":{"name":"(anonymous_17)","decl":{"start":{"line":149,"column":10},"end":{"line":149,"column":26}},"loc":{"start":{"line":149,"column":43},"end":{"line":169,"column":3}}}},"branchMap":{"0":{"loc":{"start":{"line":27,"column":4},"end":{"line":29,"column":5}},"type":"if","locations":[{"start":{"line":27,"column":4},"end":{"line":29,"column":5}}]},"1":{"loc":{"start":{"line":32,"column":4},"end":{"line":39,"column":5}},"type":"if","locations":[{"start":{"line":32,"column":4},"end":{"line":39,"column":5}}]},"2":{"loc":{"start":{"line":36,"column":6},"end":{"line":38,"column":7}},"type":"if","locations":[{"start":{"line":36,"column":6},"end":{"line":38,"column":7}}]},"3":{"loc":{"start":{"line":53,"column":14},"end":{"line":53,"column":39}},"type":"binary-expr","locations":[{"start":{"line":53,"column":14},"end":{"line":53,"column":22}},{"start":{"line":53,"column":26},"end":{"line":53,"column":39}}]},"4":{"loc":{"start":{"line":82,"column":4},"end":{"line":84,"column":5}},"type":"if","locations":[{"start":{"line":82,"column":4},"end":{"line":84,"column":5}}]},"5":{"loc":{"start":{"line":82,"column":8},"end":{"line":82,"column":35}},"type":"binary-expr","locations":[{"start":{"line":82,"column":8},"end":{"line":82,"column":13}},{"start":{"line":82,"column":17},"end":{"line":82,"column":35}}]},"6":{"loc":{"start":{"line":88,"column":4},"end":{"line":90,"column":5}},"type":"if","locations":[{"start":{"line":88,"column":4},"end":{"line":90,"column":5}}]},"7":{"loc":{"start":{"line":133,"column":4},"end":{"line":135,"column":5}},"type":"if","locations":[{"start":{"line":133,"column":4},"end":{"line":135,"column":5}}]},"8":{"loc":{"start":{"line":150,"column":4},"end":{"line":152,"column":5}},"type":"if","locations":[{"start":{"line":150,"column":4},"end":{"line":152,"column":5}}]},"9":{"loc":{"start":{"line":154,"column":4},"end":{"line":156,"column":5}},"type":"if","locations":[{"start":{"line":154,"column":4},"end":{"line":156,"column":5}}]},"10":{"loc":{"start":{"line":158,"column":4},"end":{"line":160,"column":5}},"type":"if","locations":[{"start":{"line":158,"column":4},"end":{"line":160,"column":5}}]},"11":{"loc":{"start":{"line":162,"column":4},"end":{"line":164,"column":5}},"type":"if","locations":[{"start":{"line":162,"column":4},"end":{"line":164,"column":5}}]},"12":{"loc":{"start":{"line":166,"column":4},"end":{"line":168,"column":5}},"type":"if","locations":[{"start":{"line":166,"column":4},"end":{"line":168,"column":5}}]}},"s":{"0":2,"1":2,"2":2,"3":2,"4":2,"5":2,"6":17,"7":17,"8":9,"9":9,"10":1,"11":8,"12":8,"13":8,"14":1,"15":7,"16":2,"17":2,"18":2,"19":2,"20":4,"21":4,"22":2,"23":2,"24":2,"25":1,"26":1,"27":1,"28":1,"29":2,"30":2,"31":2,"32":1,"33":1,"34":4,"35":4,"36":7,"37":1,"38":6,"39":1,"40":5,"41":1,"42":4,"43":1,"44":3,"45":1,"46":2,"47":2},"f":{"0":17,"1":9,"2":4,"3":2,"4":2,"5":4,"6":7},"b":{"0":[1],"1":[8],"2":[1],"3":[2,1],"4":[2],"5":[4,3],"6":[1],"7":[1],"8":[1],"9":[1],"10":[1],"11":[1],"12":[1]}}
,"/Users/thinh.vo/sts/hopefull/apps/api/src/auth/guards/jwt-auth.guard.ts": {"path":"/Users/thinh.vo/sts/hopefull/apps/api/src/auth/guards/jwt-auth.guard.ts","statementMap":{"0":{"start":{"line":1,"column":0},"end":{"line":1,"column":44}},"1":{"start":{"line":2,"column":0},"end":{"line":2,"column":45}},"2":{"start":{"line":5,"column":7},"end":{"line":5,"column":null}},"3":{"start":{"line":5,"column":13},"end":{"line":5,"column":25}},"4":{"start":{"line":5,"column":13},"end":{"line":5,"column":null}}},"fnMap":{},"branchMap":{},"s":{"0":6,"1":6,"2":6,"3":6,"4":6},"f":{},"b":{}}
,"/Users/thinh.vo/sts/hopefull/apps/api/src/auth/guards/roles.guard.ts": {"path":"/Users/thinh.vo/sts/hopefull/apps/api/src/auth/guards/roles.guard.ts","statementMap":{"0":{"start":{"line":1,"column":0},"end":{"line":1,"column":75}},"1":{"start":{"line":2,"column":0},"end":{"line":2,"column":41}},"2":{"start":{"line":5,"column":13},"end":{"line":5,"column":33}},"3":{"start":{"line":8,"column":7},"end":{"line":24,"column":null}},"4":{"start":{"line":9,"column":22},"end":{"line":9,"column":33}},"5":{"start":{"line":12,"column":26},"end":{"line":14,"column":null}},"6":{"start":{"line":17,"column":4},"end":{"line":19,"column":5}},"7":{"start":{"line":18,"column":6},"end":{"line":18,"column":18}},"8":{"start":{"line":21,"column":21},"end":{"line":21,"column":56}},"9":{"start":{"line":22,"column":4},"end":{"line":22,"column":60}},"10":{"start":{"line":22,"column":40},"end":{"line":22,"column":58}},"11":{"start":{"line":8,"column":13},"end":{"line":8,"column":23}},"12":{"start":{"line":8,"column":13},"end":{"line":24,"column":null}}},"fnMap":{"0":{"name":"(anonymous_2)","decl":{"start":{"line":9,"column":2},"end":{"line":9,"column":22}},"loc":{"start":{"line":9,"column":42},"end":{"line":9,"column":46}}},"1":{"name":"(anonymous_3)","decl":{"start":{"line":11,"column":2},"end":{"line":11,"column":13}},"loc":{"start":{"line":11,"column":39},"end":{"line":23,"column":3}}},"2":{"name":"(anonymous_4)","decl":{"start":{"line":22,"column":30},"end":{"line":22,"column":31}},"loc":{"start":{"line":22,"column":40},"end":{"line":22,"column":58}}}},"branchMap":{"0":{"loc":{"start":{"line":17,"column":4},"end":{"line":19,"column":5}},"type":"if","locations":[{"start":{"line":17,"column":4},"end":{"line":19,"column":5}}]}},"s":{"0":1,"1":1,"2":1,"3":1,"4":7,"5":6,"6":6,"7":2,"8":4,"9":4,"10":6,"11":1,"12":1},"f":{"0":7,"1":6,"2":6},"b":{"0":[2]}}
,"/Users/thinh.vo/sts/hopefull/apps/api/src/auth/strategies/jwt.strategy.ts": {"path":"/Users/thinh.vo/sts/hopefull/apps/api/src/auth/strategies/jwt.strategy.ts","statementMap":{"0":{"start":{"line":1,"column":0},"end":{"line":1,"column":67}},"1":{"start":{"line":2,"column":0},"end":{"line":2,"column":52}},"2":{"start":{"line":3,"column":0},"end":{"line":3,"column":52}},"3":{"start":{"line":4,"column":0},"end":{"line":4,"column":47}},"4":{"start":{"line":5,"column":0},"end":{"line":5,"column":60}},"5":{"start":{"line":8,"column":7},"end":{"line":41,"column":null}},"6":{"start":{"line":13,"column":4},"end":{"line":17,"column":7}},"7":{"start":{"line":11,"column":12},"end":{"line":11,"column":20}},"8":{"start":{"line":21,"column":17},"end":{"line":29,"column":6}},"9":{"start":{"line":31,"column":4},"end":{"line":33,"column":5}},"10":{"start":{"line":32,"column":6},"end":{"line":32,"column":56}},"11":{"start":{"line":35,"column":4},"end":{"line":37,"column":5}},"12":{"start":{"line":36,"column":6},"end":{"line":36,"column":63}},"13":{"start":{"line":39,"column":4},"end":{"line":39,"column":16}},"14":{"start":{"line":8,"column":13},"end":{"line":8,"column":24}},"15":{"start":{"line":8,"column":13},"end":{"line":41,"column":null}}},"fnMap":{"0":{"name":"(anonymous_2)","decl":{"start":{"line":9,"column":2},"end":{"line":9,"column":null}},"loc":{"start":{"line":11,"column":33},"end":{"line":18,"column":3}}},"1":{"name":"(anonymous_3)","decl":{"start":{"line":20,"column":2},"end":{"line":20,"column":7}},"loc":{"start":{"line":20,"column":55},"end":{"line":40,"column":3}}}},"branchMap":{"0":{"loc":{"start":{"line":31,"column":4},"end":{"line":33,"column":5}},"type":"if","locations":[{"start":{"line":31,"column":4},"end":{"line":33,"column":5}}]},"1":{"loc":{"start":{"line":35,"column":4},"end":{"line":37,"column":5}},"type":"if","locations":[{"start":{"line":35,"column":4},"end":{"line":37,"column":5}}]}},"s":{"0":1,"1":1,"2":1,"3":1,"4":1,"5":1,"6":4,"7":4,"8":4,"9":4,"10":1,"11":3,"12":2,"13":1,"14":1,"15":1},"f":{"0":4,"1":4},"b":{"0":[1],"1":[2]}}
,"/Users/thinh.vo/sts/hopefull/apps/api/src/auth/strategies/local.strategy.ts": {"path":"/Users/thinh.vo/sts/hopefull/apps/api/src/auth/strategies/local.strategy.ts","statementMap":{"0":{"start":{"line":1,"column":0},"end":{"line":1,"column":67}},"1":{"start":{"line":2,"column":0},"end":{"line":2,"column":52}},"2":{"start":{"line":3,"column":0},"end":{"line":3,"column":42}},"3":{"start":{"line":4,"column":0},"end":{"line":4,"column":33}},"4":{"start":{"line":5,"column":0},"end":{"line":5,"column":60}},"5":{"start":{"line":8,"column":7},"end":{"line":30,"column":null}},"6":{"start":{"line":10,"column":4},"end":{"line":10,"column":38}},"7":{"start":{"line":9,"column":22},"end":{"line":9,"column":30}},"8":{"start":{"line":14,"column":17},"end":{"line":16,"column":6}},"9":{"start":{"line":18,"column":4},"end":{"line":20,"column":5}},"10":{"start":{"line":19,"column":6},"end":{"line":19,"column":61}},"11":{"start":{"line":22,"column":28},"end":{"line":22,"column":77}},"12":{"start":{"line":24,"column":4},"end":{"line":26,"column":5}},"13":{"start":{"line":25,"column":6},"end":{"line":25,"column":61}},"14":{"start":{"line":28,"column":4},"end":{"line":28,"column":16}},"15":{"start":{"line":8,"column":13},"end":{"line":8,"column":26}},"16":{"start":{"line":8,"column":13},"end":{"line":30,"column":null}}},"fnMap":{"0":{"name":"(anonymous_11)","decl":{"start":{"line":9,"column":2},"end":{"line":9,"column":22}},"loc":{"start":{"line":9,"column":43},"end":{"line":11,"column":3}}},"1":{"name":"(anonymous_12)","decl":{"start":{"line":13,"column":2},"end":{"line":13,"column":7}},"loc":{"start":{"line":13,"column":48},"end":{"line":29,"column":3}}}},"branchMap":{"0":{"loc":{"start":{"line":18,"column":4},"end":{"line":20,"column":5}},"type":"if","locations":[{"start":{"line":18,"column":4},"end":{"line":20,"column":5}}]},"1":{"loc":{"start":{"line":18,"column":8},"end":{"line":18,"column":35}},"type":"binary-expr","locations":[{"start":{"line":18,"column":8},"end":{"line":18,"column":13}},{"start":{"line":18,"column":17},"end":{"line":18,"column":35}}]},"2":{"loc":{"start":{"line":24,"column":4},"end":{"line":26,"column":5}},"type":"if","locations":[{"start":{"line":24,"column":4},"end":{"line":26,"column":5}}]}},"s":{"0":1,"1":1,"2":1,"3":1,"4":1,"5":1,"6":4,"7":4,"8":4,"9":4,"10":2,"11":2,"12":2,"13":1,"14":1,"15":1,"16":1},"f":{"0":4,"1":4},"b":{"0":[2],"1":[4,3],"2":[1]}}
,"/Users/thinh.vo/sts/hopefull/apps/api/src/payments/payments.controller.ts": {"path":"/Users/thinh.vo/sts/hopefull/apps/api/src/payments/payments.controller.ts","statementMap":{"0":{"start":{"line":1,"column":0},"end":{"line":1,"column":null}},"1":{"start":{"line":13,"column":0},"end":{"line":13,"column":71}},"2":{"start":{"line":14,"column":0},"end":{"line":14,"column":53}},"3":{"start":{"line":15,"column":0},"end":{"line":15,"column":61}},"4":{"start":{"line":21,"column":7},"end":{"line":73,"column":null}},"5":{"start":{"line":22,"column":22},"end":{"line":22,"column":39}},"6":{"start":{"line":27,"column":4},"end":{"line":27,"column":63}},"7":{"start":{"line":45,"column":4},"end":{"line":45,"column":68}},"8":{"start":{"line":51,"column":4},"end":{"line":51,"column":73}},"9":{"start":{"line":57,"column":4},"end":{"line":57,"column":69}},"10":{"start":{"line":67,"column":4},"end":{"line":71,"column":6}},"11":{"start":{"line":21,"column":13},"end":{"line":21,"column":31}},"12":{"start":{"line":26,"column":8},"end":{"line":28,"column":null}},"13":{"start":{"line":32,"column":8},"end":{"line":46,"column":null}},"14":{"start":{"line":50,"column":8},"end":{"line":52,"column":null}},"15":{"start":{"line":56,"column":8},"end":{"line":58,"column":null}},"16":{"start":{"line":62,"column":8},"end":{"line":72,"column":null}},"17":{"start":{"line":21,"column":13},"end":{"line":73,"column":null}}},"fnMap":{"0":{"name":"(anonymous_4)","decl":{"start":{"line":22,"column":2},"end":{"line":22,"column":22}},"loc":{"start":{"line":22,"column":54},"end":{"line":22,"column":58}}},"1":{"name":"(anonymous_5)","decl":{"start":{"line":26,"column":2},"end":{"line":26,"column":7}},"loc":{"start":{"line":26,"column":45},"end":{"line":28,"column":3}}},"2":{"name":"(anonymous_6)","decl":{"start":{"line":32,"column":2},"end":{"line":32,"column":7}},"loc":{"start":{"line":43,"column":5},"end":{"line":46,"column":3}}},"3":{"name":"(anonymous_7)","decl":{"start":{"line":50,"column":2},"end":{"line":50,"column":7}},"loc":{"start":{"line":50,"column":63},"end":{"line":52,"column":3}}},"4":{"name":"(anonymous_8)","decl":{"start":{"line":56,"column":2},"end":{"line":56,"column":7}},"loc":{"start":{"line":56,"column":72},"end":{"line":58,"column":3}}},"5":{"name":"(anonymous_9)","decl":{"start":{"line":62,"column":2},"end":{"line":62,"column":7}},"loc":{"start":{"line":65,"column":34},"end":{"line":72,"column":3}}}},"branchMap":{"0":{"loc":{"start":{"line":69,"column":6},"end":{"line":69,"column":39}},"type":"cond-expr","locations":[{"start":{"line":69,"column":13},"end":{"line":69,"column":27}},{"start":{"line":69,"column":30},"end":{"line":69,"column":39}}]},"1":{"loc":{"start":{"line":70,"column":6},"end":{"line":70,"column":41}},"type":"cond-expr","locations":[{"start":{"line":70,"column":14},"end":{"line":70,"column":29}},{"start":{"line":70,"column":32},"end":{"line":70,"column":41}}]}},"s":{"0":1,"1":1,"2":1,"3":1,"4":1,"5":7,"6":1,"7":2,"8":1,"9":1,"10":2,"11":1,"12":1,"13":1,"14":1,"15":1,"16":1,"17":1},"f":{"0":7,"1":1,"2":2,"3":1,"4":1,"5":2},"b":{"0":[1,1],"1":[1,1]}}
,"/Users/thinh.vo/sts/hopefull/apps/api/src/payments/payments.service.ts": {"path":"/Users/thinh.vo/sts/hopefull/apps/api/src/payments/payments.service.ts","statementMap":{"0":{"start":{"line":1,"column":0},"end":{"line":1,"column":84}},"1":{"start":{"line":2,"column":0},"end":{"line":2,"column":57}},"2":{"start":{"line":5,"column":7},"end":{"line":183,"column":null}},"3":{"start":{"line":6,"column":22},"end":{"line":6,"column":30}},"4":{"start":{"line":9,"column":4},"end":{"line":12,"column":7}},"5":{"start":{"line":28,"column":26},"end":{"line":30,"column":6}},"6":{"start":{"line":32,"column":4},"end":{"line":34,"column":5}},"7":{"start":{"line":33,"column":6},"end":{"line":33,"column":73}},"8":{"start":{"line":37,"column":4},"end":{"line":42,"column":5}},"9":{"start":{"line":38,"column":6},"end":{"line":41,"column":9}},"10":{"start":{"line":45,"column":22},"end":{"line":45,"column":59}},"11":{"start":{"line":47,"column":4},"end":{"line":58,"column":7}},"12":{"start":{"line":62,"column":26},"end":{"line":64,"column":6}},"13":{"start":{"line":66,"column":4},"end":{"line":68,"column":5}},"14":{"start":{"line":67,"column":6},"end":{"line":67,"column":62}},"15":{"start":{"line":71,"column":4},"end":{"line":74,"column":7}},"16":{"start":{"line":77,"column":4},"end":{"line":80,"column":7}},"17":{"start":{"line":84,"column":26},"end":{"line":86,"column":6}},"18":{"start":{"line":88,"column":4},"end":{"line":90,"column":5}},"19":{"start":{"line":89,"column":6},"end":{"line":89,"column":62}},"20":{"start":{"line":92,"column":4},"end":{"line":94,"column":7}},"21":{"start":{"line":97,"column":4},"end":{"line":109,"column":5}},"22":{"start":{"line":98,"column":24},"end":{"line":101,"column":8}},"23":{"start":{"line":103,"column":6},"end":{"line":108,"column":7}},"24":{"start":{"line":104,"column":8},"end":{"line":107,"column":11}},"25":{"start":{"line":111,"column":4},"end":{"line":111,"column":29}},"26":{"start":{"line":115,"column":30},"end":{"line":139,"column":6}},"27":{"start":{"line":141,"column":4},"end":{"line":149,"column":6}},"28":{"start":{"line":160,"column":4},"end":{"line":170,"column":7}},"29":{"start":{"line":174,"column":4},"end":{"line":181,"column":7}},"30":{"start":{"line":5,"column":13},"end":{"line":5,"column":28}},"31":{"start":{"line":5,"column":13},"end":{"line":183,"column":null}}},"fnMap":{"0":{"name":"(anonymous_2)","decl":{"start":{"line":6,"column":2},"end":{"line":6,"column":22}},"loc":{"start":{"line":6,"column":43},"end":{"line":6,"column":47}}},"1":{"name":"(anonymous_3)","decl":{"start":{"line":8,"column":2},"end":{"line":8,"column":7}},"loc":{"start":{"line":8,"column":40},"end":{"line":13,"column":3}}},"2":{"name":"(anonymous_4)","decl":{"start":{"line":15,"column":2},"end":{"line":15,"column":7}},"loc":{"start":{"line":25,"column":5},"end":{"line":59,"column":3}}},"3":{"name":"(anonymous_5)","decl":{"start":{"line":61,"column":2},"end":{"line":61,"column":7}},"loc":{"start":{"line":61,"column":71},"end":{"line":81,"column":3}}},"4":{"name":"(anonymous_6)","decl":{"start":{"line":83,"column":2},"end":{"line":83,"column":7}},"loc":{"start":{"line":83,"column":67},"end":{"line":112,"column":3}}},"5":{"name":"(anonymous_7)","decl":{"start":{"line":114,"column":2},"end":{"line":114,"column":7}},"loc":{"start":{"line":114,"column":62},"end":{"line":150,"column":3}}},"6":{"name":"(anonymous_8)","decl":{"start":{"line":152,"column":2},"end":{"line":152,"column":7}},"loc":{"start":{"line":159,"column":3},"end":{"line":171,"column":3}}},"7":{"name":"(anonymous_9)","decl":{"start":{"line":173,"column":2},"end":{"line":173,"column":7}},"loc":{"start":{"line":173,"column":64},"end":{"line":182,"column":3}}}},"branchMap":{"0":{"loc":{"start":{"line":32,"column":4},"end":{"line":34,"column":5}},"type":"if","locations":[{"start":{"line":32,"column":4},"end":{"line":34,"column":5}}]},"1":{"loc":{"start":{"line":37,"column":4},"end":{"line":42,"column":5}},"type":"if","locations":[{"start":{"line":37,"column":4},"end":{"line":42,"column":5}}]},"2":{"loc":{"start":{"line":45,"column":22},"end":{"line":45,"column":59}},"type":"binary-expr","locations":[{"start":{"line":45,"column":22},"end":{"line":45,"column":41}},{"start":{"line":45,"column":45},"end":{"line":45,"column":59}}]},"3":{"loc":{"start":{"line":66,"column":4},"end":{"line":68,"column":5}},"type":"if","locations":[{"start":{"line":66,"column":4},"end":{"line":68,"column":5}}]},"4":{"loc":{"start":{"line":88,"column":4},"end":{"line":90,"column":5}},"type":"if","locations":[{"start":{"line":88,"column":4},"end":{"line":90,"column":5}}]},"5":{"loc":{"start":{"line":97,"column":4},"end":{"line":109,"column":5}},"type":"if","locations":[{"start":{"line":97,"column":4},"end":{"line":109,"column":5}}]},"6":{"loc":{"start":{"line":103,"column":6},"end":{"line":108,"column":7}},"type":"if","locations":[{"start":{"line":103,"column":6},"end":{"line":108,"column":7}}]},"7":{"loc":{"start":{"line":114,"column":42},"end":{"line":114,"column":50}},"type":"default-arg","locations":[{"start":{"line":114,"column":49},"end":{"line":114,"column":50}}]},"8":{"loc":{"start":{"line":114,"column":52},"end":{"line":114,"column":62}},"type":"default-arg","locations":[{"start":{"line":114,"column":60},"end":{"line":114,"column":62}}]}},"s":{"0":2,"1":2,"2":2,"3":17,"4":2,"5":4,"6":4,"7":1,"8":3,"9":1,"10":3,"11":3,"12":2,"13":2,"14":1,"15":1,"16":1,"17":4,"18":4,"19":1,"20":3,"21":3,"22":2,"23":2,"24":1,"25":3,"26":2,"27":2,"28":2,"29":1,"30":2,"31":2},"f":{"0":17,"1":2,"2":4,"3":2,"4":4,"5":2,"6":2,"7":1},"b":{"0":[1],"1":[1],"2":[3,2],"3":[1],"4":[1],"5":[2],"6":[1],"7":[1],"8":[1]}}
,"/Users/thinh.vo/sts/hopefull/apps/api/src/prisma/prisma.service.ts": {"path":"/Users/thinh.vo/sts/hopefull/apps/api/src/prisma/prisma.service.ts","statementMap":{"0":{"start":{"line":1,"column":0},"end":{"line":1,"column":75}},"1":{"start":{"line":2,"column":0},"end":{"line":2,"column":46}},"2":{"start":{"line":5,"column":7},"end":{"line":16,"column":null}},"3":{"start":{"line":10,"column":4},"end":{"line":10,"column":26}},"4":{"start":{"line":14,"column":4},"end":{"line":14,"column":29}},"5":{"start":{"line":5,"column":13},"end":{"line":5,"column":26}},"6":{"start":{"line":5,"column":13},"end":{"line":16,"column":null}}},"fnMap":{"0":{"name":"(anonymous_1)","decl":{"start":{"line":9,"column":2},"end":{"line":9,"column":7}},"loc":{"start":{"line":9,"column":20},"end":{"line":11,"column":3}}},"1":{"name":"(anonymous_2)","decl":{"start":{"line":13,"column":2},"end":{"line":13,"column":7}},"loc":{"start":{"line":13,"column":23},"end":{"line":15,"column":3}}}},"branchMap":{},"s":{"0":13,"1":13,"2":13,"3":1,"4":4,"5":13,"6":13},"f":{"0":1,"1":4},"b":{}}
,"/Users/thinh.vo/sts/hopefull/apps/api/src/therapists/therapists.controller.ts": {"path":"/Users/thinh.vo/sts/hopefull/apps/api/src/therapists/therapists.controller.ts","statementMap":{"0":{"start":{"line":1,"column":0},"end":{"line":1,"column":null}},"1":{"start":{"line":10,"column":0},"end":{"line":10,"column":81}},"2":{"start":{"line":11,"column":0},"end":{"line":11,"column":57}},"3":{"start":{"line":12,"column":0},"end":{"line":12,"column":61}},"4":{"start":{"line":16,"column":7},"end":{"line":95,"column":null}},"5":{"start":{"line":17,"column":22},"end":{"line":17,"column":41}},"6":{"start":{"line":39,"column":4},"end":{"line":48,"column":7}},"7":{"start":{"line":54,"column":4},"end":{"line":54,"column":47}},"8":{"start":{"line":64,"column":4},"end":{"line":64,"column":62}},"9":{"start":{"line":74,"column":4},"end":{"line":78,"column":6}},"10":{"start":{"line":90,"column":4},"end":{"line":93,"column":6}},"11":{"start":{"line":16,"column":13},"end":{"line":16,"column":33}},"12":{"start":{"line":29,"column":8},"end":{"line":49,"column":null}},"13":{"start":{"line":53,"column":8},"end":{"line":55,"column":null}},"14":{"start":{"line":60,"column":8},"end":{"line":65,"column":null}},"15":{"start":{"line":69,"column":8},"end":{"line":79,"column":null}},"16":{"start":{"line":85,"column":8},"end":{"line":94,"column":null}},"17":{"start":{"line":16,"column":13},"end":{"line":95,"column":null}}},"fnMap":{"0":{"name":"(anonymous_4)","decl":{"start":{"line":17,"column":2},"end":{"line":17,"column":22}},"loc":{"start":{"line":17,"column":58},"end":{"line":17,"column":62}}},"1":{"name":"(anonymous_5)","decl":{"start":{"line":29,"column":2},"end":{"line":29,"column":7}},"loc":{"start":{"line":37,"column":40},"end":{"line":49,"column":3}}},"2":{"name":"(anonymous_6)","decl":{"start":{"line":53,"column":2},"end":{"line":53,"column":7}},"loc":{"start":{"line":53,"column":40},"end":{"line":55,"column":3}}},"3":{"name":"(anonymous_7)","decl":{"start":{"line":60,"column":2},"end":{"line":60,"column":7}},"loc":{"start":{"line":62,"column":31},"end":{"line":65,"column":3}}},"4":{"name":"(anonymous_8)","decl":{"start":{"line":69,"column":2},"end":{"line":69,"column":7}},"loc":{"start":{"line":72,"column":34},"end":{"line":79,"column":3}}},"5":{"name":"(anonymous_9)","decl":{"start":{"line":85,"column":2},"end":{"line":85,"column":7}},"loc":{"start":{"line":87,"column":39},"end":{"line":94,"column":3}}}},"branchMap":{"0":{"loc":{"start":{"line":40,"column":12},"end":{"line":40,"column":45}},"type":"cond-expr","locations":[{"start":{"line":40,"column":19},"end":{"line":40,"column":33}},{"start":{"line":40,"column":36},"end":{"line":40,"column":45}}]},"1":{"loc":{"start":{"line":41,"column":13},"end":{"line":41,"column":48}},"type":"cond-expr","locations":[{"start":{"line":41,"column":21},"end":{"line":41,"column":36}},{"start":{"line":41,"column":39},"end":{"line":41,"column":48}}]},"2":{"loc":{"start":{"line":45,"column":17},"end":{"line":45,"column":62}},"type":"cond-expr","locations":[{"start":{"line":45,"column":29},"end":{"line":45,"column":50}},{"start":{"line":45,"column":53},"end":{"line":45,"column":62}}]},"3":{"loc":{"start":{"line":46,"column":16},"end":{"line":46,"column":57}},"type":"cond-expr","locations":[{"start":{"line":46,"column":27},"end":{"line":46,"column":45}},{"start":{"line":46,"column":48},"end":{"line":46,"column":57}}]},"4":{"loc":{"start":{"line":47,"column":16},"end":{"line":47,"column":58}},"type":"cond-expr","locations":[{"start":{"line":47,"column":27},"end":{"line":47,"column":46}},{"start":{"line":47,"column":49},"end":{"line":47,"column":58}}]},"5":{"loc":{"start":{"line":76,"column":6},"end":{"line":76,"column":39}},"type":"cond-expr","locations":[{"start":{"line":76,"column":13},"end":{"line":76,"column":27}},{"start":{"line":76,"column":30},"end":{"line":76,"column":39}}]},"6":{"loc":{"start":{"line":77,"column":6},"end":{"line":77,"column":41}},"type":"cond-expr","locations":[{"start":{"line":77,"column":14},"end":{"line":77,"column":29}},{"start":{"line":77,"column":32},"end":{"line":77,"column":41}}]}},"s":{"0":1,"1":1,"2":1,"3":1,"4":1,"5":9,"6":3,"7":1,"8":1,"9":2,"10":2,"11":1,"12":1,"13":1,"14":1,"15":1,"16":1,"17":1},"f":{"0":9,"1":3,"2":1,"3":1,"4":2,"5":2},"b":{"0":[1,2],"1":[1,2],"2":[1,2],"3":[1,2],"4":[1,2],"5":[1,1],"6":[1,1]}}
,"/Users/thinh.vo/sts/hopefull/apps/api/src/therapists/therapists.service.ts": {"path":"/Users/thinh.vo/sts/hopefull/apps/api/src/therapists/therapists.service.ts","statementMap":{"0":{"start":{"line":1,"column":0},"end":{"line":1,"column":84}},"1":{"start":{"line":2,"column":0},"end":{"line":2,"column":57}},"2":{"start":{"line":3,"column":0},"end":{"line":3,"column":69}},"3":{"start":{"line":6,"column":7},"end":{"line":217,"column":null}},"4":{"start":{"line":7,"column":22},"end":{"line":7,"column":30}},"5":{"start":{"line":28,"column":8},"end":{"line":28,"column":15}},"6":{"start":{"line":30,"column":46},"end":{"line":33,"column":6}},"7":{"start":{"line":35,"column":4},"end":{"line":41,"column":5}},"8":{"start":{"line":36,"column":6},"end":{"line":40,"column":8}},"9":{"start":{"line":43,"column":4},"end":{"line":47,"column":5}},"10":{"start":{"line":44,"column":6},"end":{"line":46,"column":8}},"11":{"start":{"line":49,"column":4},"end":{"line":53,"column":5}},"12":{"start":{"line":50,"column":6},"end":{"line":52,"column":8}},"13":{"start":{"line":55,"column":4},"end":{"line":57,"column":5}},"14":{"start":{"line":56,"column":6},"end":{"line":56,"column":47}},"15":{"start":{"line":59,"column":4},"end":{"line":61,"column":5}},"16":{"start":{"line":60,"column":6},"end":{"line":60,"column":43}},"17":{"start":{"line":63,"column":4},"end":{"line":65,"column":5}},"18":{"start":{"line":64,"column":6},"end":{"line":64,"column":32}},"19":{"start":{"line":67,"column":32},"end":{"line":89,"column":6}},"20":{"start":{"line":91,"column":4},"end":{"line":99,"column":6}},"21":{"start":{"line":103,"column":22},"end":{"line":126,"column":6}},"22":{"start":{"line":128,"column":4},"end":{"line":130,"column":5}},"23":{"start":{"line":129,"column":6},"end":{"line":129,"column":57}},"24":{"start":{"line":132,"column":4},"end":{"line":132,"column":21}},"25":{"start":{"line":136,"column":22},"end":{"line":151,"column":6}},"26":{"start":{"line":153,"column":4},"end":{"line":155,"column":5}},"27":{"start":{"line":154,"column":6},"end":{"line":154,"column":57}},"28":{"start":{"line":158,"column":22},"end":{"line":158,"column":45}},"29":{"start":{"line":159,"column":28},"end":{"line":160,"column":null}},"30":{"start":{"line":160,"column":13},"end":{"line":160,"column":38}},"31":{"start":{"line":164,"column":4},"end":{"line":174,"column":6}},"32":{"start":{"line":166,"column":41},"end":{"line":169,"column":8}},"33":{"start":{"line":170,"column":54},"end":{"line":173,"column":8}},"34":{"start":{"line":178,"column":4},"end":{"line":181,"column":7}},"35":{"start":{"line":185,"column":29},"end":{"line":202,"column":6}},"36":{"start":{"line":204,"column":4},"end":{"line":215,"column":6}},"37":{"start":{"line":205,"column":32},"end":{"line":208,"column":8}},"38":{"start":{"line":6,"column":13},"end":{"line":6,"column":30}},"39":{"start":{"line":6,"column":13},"end":{"line":217,"column":null}}},"fnMap":{"0":{"name":"(anonymous_2)","decl":{"start":{"line":7,"column":2},"end":{"line":7,"column":22}},"loc":{"start":{"line":7,"column":43},"end":{"line":7,"column":47}}},"1":{"name":"(anonymous_3)","decl":{"start":{"line":9,"column":2},"end":{"line":9,"column":7}},"loc":{"start":{"line":18,"column":3},"end":{"line":100,"column":3}}},"2":{"name":"(anonymous_4)","decl":{"start":{"line":102,"column":2},"end":{"line":102,"column":7}},"loc":{"start":{"line":102,"column":27},"end":{"line":133,"column":3}}},"3":{"name":"(anonymous_5)","decl":{"start":{"line":135,"column":2},"end":{"line":135,"column":7}},"loc":{"start":{"line":135,"column":59},"end":{"line":175,"column":3}}},"4":{"name":"(anonymous_6)","decl":{"start":{"line":160,"column":6},"end":{"line":160,"column":7}},"loc":{"start":{"line":160,"column":13},"end":{"line":160,"column":38}}},"5":{"name":"(anonymous_7)","decl":{"start":{"line":166,"column":33},"end":{"line":166,"column":34}},"loc":{"start":{"line":166,"column":41},"end":{"line":169,"column":8}}},"6":{"name":"(anonymous_8)","decl":{"start":{"line":170,"column":46},"end":{"line":170,"column":47}},"loc":{"start":{"line":170,"column":54},"end":{"line":173,"column":8}}},"7":{"name":"(anonymous_9)","decl":{"start":{"line":177,"column":2},"end":{"line":177,"column":7}},"loc":{"start":{"line":177,"column":65},"end":{"line":182,"column":3}}},"8":{"name":"(anonymous_10)","decl":{"start":{"line":184,"column":2},"end":{"line":184,"column":7}},"loc":{"start":{"line":184,"column":60},"end":{"line":216,"column":3}}},"9":{"name":"(anonymous_11)","decl":{"start":{"line":205,"column":24},"end":{"line":205,"column":25}},"loc":{"start":{"line":205,"column":32},"end":{"line":208,"column":8}}}},"branchMap":{"0":{"loc":{"start":{"line":20,"column":6},"end":{"line":20,"column":14}},"type":"default-arg","locations":[{"start":{"line":20,"column":13},"end":{"line":20,"column":14}}]},"1":{"loc":{"start":{"line":21,"column":6},"end":{"line":21,"column":16}},"type":"default-arg","locations":[{"start":{"line":21,"column":14},"end":{"line":21,"column":16}}]},"2":{"loc":{"start":{"line":35,"column":4},"end":{"line":41,"column":5}},"type":"if","locations":[{"start":{"line":35,"column":4},"end":{"line":41,"column":5}}]},"3":{"loc":{"start":{"line":43,"column":4},"end":{"line":47,"column":5}},"type":"if","locations":[{"start":{"line":43,"column":4},"end":{"line":47,"column":5}}]},"4":{"loc":{"start":{"line":49,"column":4},"end":{"line":53,"column":5}},"type":"if","locations":[{"start":{"line":49,"column":4},"end":{"line":53,"column":5}}]},"5":{"loc":{"start":{"line":55,"column":4},"end":{"line":57,"column":5}},"type":"if","locations":[{"start":{"line":55,"column":4},"end":{"line":57,"column":5}}]},"6":{"loc":{"start":{"line":59,"column":4},"end":{"line":61,"column":5}},"type":"if","locations":[{"start":{"line":59,"column":4},"end":{"line":61,"column":5}}]},"7":{"loc":{"start":{"line":63,"column":4},"end":{"line":65,"column":5}},"type":"if","locations":[{"start":{"line":63,"column":4},"end":{"line":65,"column":5}}]},"8":{"loc":{"start":{"line":128,"column":4},"end":{"line":130,"column":5}},"type":"if","locations":[{"start":{"line":128,"column":4},"end":{"line":130,"column":5}}]},"9":{"loc":{"start":{"line":153,"column":4},"end":{"line":155,"column":5}},"type":"if","locations":[{"start":{"line":153,"column":4},"end":{"line":155,"column":5}}]},"10":{"loc":{"start":{"line":184,"column":40},"end":{"line":184,"column":48}},"type":"default-arg","locations":[{"start":{"line":184,"column":47},"end":{"line":184,"column":48}}]},"11":{"loc":{"start":{"line":184,"column":50},"end":{"line":184,"column":60}},"type":"default-arg","locations":[{"start":{"line":184,"column":58},"end":{"line":184,"column":60}}]},"12":{"loc":{"start":{"line":207,"column":14},"end":{"line":207,"column":43}},"type":"cond-expr","locations":[{"start":{"line":207,"column":30},"end":{"line":207,"column":34}},{"start":{"line":207,"column":37},"end":{"line":207,"column":43}}]}},"s":{"0":2,"1":2,"2":2,"3":2,"4":17,"5":8,"6":8,"7":8,"8":1,"9":8,"10":1,"11":8,"12":1,"13":8,"14":1,"15":8,"16":1,"17":8,"18":1,"19":8,"20":8,"21":2,"22":2,"23":1,"24":1,"25":2,"26":2,"27":1,"28":1,"29":1,"30":1,"31":1,"32":1,"33":0,"34":2,"35":3,"36":3,"37":2,"38":2,"39":2},"f":{"0":17,"1":8,"2":2,"3":2,"4":1,"5":1,"6":0,"7":2,"8":3,"9":2},"b":{"0":[7],"1":[7],"2":[1],"3":[1],"4":[1],"5":[1],"6":[1],"7":[1],"8":[1],"9":[1],"10":[2],"11":[2],"12":[1,1]}}
,"/Users/thinh.vo/sts/hopefull/apps/api/src/users/users.controller.ts": {"path":"/Users/thinh.vo/sts/hopefull/apps/api/src/users/users.controller.ts","statementMap":{"0":{"start":{"line":1,"column":0},"end":{"line":1,"column":null}},"1":{"start":{"line":10,"column":0},"end":{"line":10,"column":71}},"2":{"start":{"line":11,"column":0},"end":{"line":11,"column":47}},"3":{"start":{"line":12,"column":0},"end":{"line":12,"column":61}},"4":{"start":{"line":18,"column":7},"end":{"line":48,"column":null}},"5":{"start":{"line":19,"column":22},"end":{"line":19,"column":36}},"6":{"start":{"line":24,"column":4},"end":{"line":24,"column":51}},"7":{"start":{"line":40,"column":4},"end":{"line":40,"column":62}},"8":{"start":{"line":46,"column":4},"end":{"line":46,"column":42}},"9":{"start":{"line":18,"column":13},"end":{"line":18,"column":28}},"10":{"start":{"line":23,"column":8},"end":{"line":25,"column":null}},"11":{"start":{"line":29,"column":8},"end":{"line":41,"column":null}},"12":{"start":{"line":45,"column":8},"end":{"line":47,"column":null}},"13":{"start":{"line":18,"column":13},"end":{"line":48,"column":null}}},"fnMap":{"0":{"name":"(anonymous_4)","decl":{"start":{"line":19,"column":2},"end":{"line":19,"column":22}},"loc":{"start":{"line":19,"column":48},"end":{"line":19,"column":52}}},"1":{"name":"(anonymous_5)","decl":{"start":{"line":23,"column":2},"end":{"line":23,"column":7}},"loc":{"start":{"line":23,"column":38},"end":{"line":25,"column":3}}},"2":{"name":"(anonymous_6)","decl":{"start":{"line":29,"column":2},"end":{"line":29,"column":7}},"loc":{"start":{"line":38,"column":5},"end":{"line":41,"column":3}}},"3":{"name":"(anonymous_7)","decl":{"start":{"line":45,"column":2},"end":{"line":45,"column":7}},"loc":{"start":{"line":45,"column":39},"end":{"line":47,"column":3}}}},"branchMap":{},"s":{"0":1,"1":1,"2":1,"3":1,"4":1,"5":3,"6":1,"7":1,"8":1,"9":1,"10":1,"11":1,"12":1,"13":1},"f":{"0":3,"1":1,"2":1,"3":1},"b":{}}
,"/Users/thinh.vo/sts/hopefull/apps/api/src/users/users.service.ts": {"path":"/Users/thinh.vo/sts/hopefull/apps/api/src/users/users.service.ts","statementMap":{"0":{"start":{"line":1,"column":0},"end":{"line":1,"column":63}},"1":{"start":{"line":2,"column":0},"end":{"line":2,"column":57}},"2":{"start":{"line":5,"column":7},"end":{"line":74,"column":null}},"3":{"start":{"line":6,"column":22},"end":{"line":6,"column":30}},"4":{"start":{"line":9,"column":17},"end":{"line":28,"column":6}},"5":{"start":{"line":30,"column":4},"end":{"line":32,"column":5}},"6":{"start":{"line":31,"column":6},"end":{"line":31,"column":52}},"7":{"start":{"line":34,"column":4},"end":{"line":34,"column":16}},"8":{"start":{"line":38,"column":4},"end":{"line":40,"column":7}},"9":{"start":{"line":51,"column":4},"end":{"line":65,"column":7}},"10":{"start":{"line":69,"column":4},"end":{"line":72,"column":7}},"11":{"start":{"line":5,"column":13},"end":{"line":5,"column":25}},"12":{"start":{"line":5,"column":13},"end":{"line":74,"column":null}}},"fnMap":{"0":{"name":"(anonymous_2)","decl":{"start":{"line":6,"column":2},"end":{"line":6,"column":22}},"loc":{"start":{"line":6,"column":43},"end":{"line":6,"column":47}}},"1":{"name":"(anonymous_3)","decl":{"start":{"line":8,"column":2},"end":{"line":8,"column":7}},"loc":{"start":{"line":8,"column":27},"end":{"line":35,"column":3}}},"2":{"name":"(anonymous_4)","decl":{"start":{"line":37,"column":2},"end":{"line":37,"column":7}},"loc":{"start":{"line":37,"column":33},"end":{"line":41,"column":3}}},"3":{"name":"(anonymous_5)","decl":{"start":{"line":43,"column":2},"end":{"line":43,"column":7}},"loc":{"start":{"line":50,"column":3},"end":{"line":66,"column":3}}},"4":{"name":"(anonymous_6)","decl":{"start":{"line":68,"column":2},"end":{"line":68,"column":7}},"loc":{"start":{"line":68,"column":50},"end":{"line":73,"column":3}}}},"branchMap":{"0":{"loc":{"start":{"line":30,"column":4},"end":{"line":32,"column":5}},"type":"if","locations":[{"start":{"line":30,"column":4},"end":{"line":32,"column":5}}]}},"s":{"0":2,"1":2,"2":2,"3":7,"4":2,"5":2,"6":1,"7":1,"8":2,"9":2,"10":1,"11":2,"12":2},"f":{"0":7,"1":2,"2":2,"3":2,"4":1},"b":{"0":[1]}}
}
