TN:
SF:src/appointments/appointments.controller.ts
FN:21,(anonymous_4)
FN:25,(anonymous_5)
FN:51,(anonymous_6)
FN:61,(anonymous_7)
FN:71,(anonymous_8)
FN:77,(anonymous_9)
FN:83,(anonymous_10)
FN:93,(anonymous_11)
FN:103,(anonymous_12)
FNF:9
FNH:9
FNDA:12,(anonymous_4)
FNDA:1,(anonymous_5)
FNDA:2,(anonymous_6)
FNDA:2,(anonymous_7)
FNDA:1,(anonymous_8)
FNDA:1,(anonymous_9)
FNDA:1,(anonymous_10)
FNDA:2,(anonymous_11)
FNDA:2,(anonymous_12)
DA:1,1
DA:12,1
DA:13,1
DA:14,1
DA:20,1
DA:21,12
DA:25,1
DA:37,1
DA:51,1
DA:55,2
DA:61,1
DA:66,2
DA:71,1
DA:72,1
DA:77,1
DA:78,1
DA:83,1
DA:88,1
DA:93,1
DA:98,2
DA:103,1
DA:114,2
LF:22
LH:22
BRF:0
BRH:0
end_of_record
TN:
SF:src/appointments/appointments.service.ts
FN:12,(anonymous_2)
FN:14,(anonymous_3)
FN:74,(anonymous_4)
FN:107,(anonymous_5)
FN:137,(anonymous_6)
FN:173,(anonymous_7)
FN:199,(anonymous_8)
FN:251,(anonymous_9)
FN:274,(anonymous_10)
FNF:9
FNH:9
FNDA:27,(anonymous_2)
FNDA:3,(anonymous_3)
FNDA:3,(anonymous_4)
FNDA:2,(anonymous_5)
FNDA:2,(anonymous_6)
FNDA:4,(anonymous_7)
FNDA:6,(anonymous_8)
FNDA:3,(anonymous_9)
FNDA:4,(anonymous_10)
DA:1,2
DA:7,2
DA:8,2
DA:11,2
DA:12,27
DA:25,3
DA:29,3
DA:30,1
DA:34,2
DA:42,2
DA:43,1
DA:46,1
DA:75,3
DA:77,3
DA:78,1
DA:79,1
DA:80,2
DA:81,1
DA:87,3
DA:108,2
DA:110,2
DA:111,1
DA:112,1
DA:113,1
DA:114,0
DA:120,2
DA:138,2
DA:166,2
DA:167,1
DA:170,1
DA:174,4
DA:178,4
DA:179,1
DA:182,3
DA:183,1
DA:186,2
DA:187,1
DA:190,1
DA:205,6
DA:209,6
DA:210,1
DA:214,5
DA:215,1
DA:218,4
DA:219,0
DA:222,4
DA:226,2
DA:231,2
DA:233,2
DA:234,2
DA:235,2
DA:236,0
DA:237,0
DA:241,2
DA:252,3
DA:256,3
DA:257,1
DA:260,2
DA:261,1
DA:264,1
DA:284,4
DA:288,4
DA:289,1
DA:292,3
DA:293,1
DA:296,2
DA:297,1
DA:301,1
DA:314,1
DA:320,1
DA:328,1
LF:71
LH:67
BRDA:29,0,0,1
BRDA:42,1,0,1
BRDA:53,2,0,1
BRDA:53,2,1,1
BRDA:77,3,0,1
BRDA:77,3,1,2
BRDA:80,4,0,1
BRDA:103,5,0,1
BRDA:103,5,1,2
BRDA:110,6,0,1
BRDA:110,6,1,1
BRDA:113,7,0,0
BRDA:133,8,0,0
BRDA:133,8,1,2
BRDA:166,9,0,1
BRDA:178,10,0,1
BRDA:182,11,0,1
BRDA:186,12,0,1
BRDA:203,13,0,5
BRDA:209,14,0,1
BRDA:214,15,0,1
BRDA:214,16,0,5
BRDA:214,16,1,4
BRDA:218,17,0,0
BRDA:218,18,0,4
BRDA:218,18,1,1
BRDA:222,19,0,2
BRDA:223,20,0,4
BRDA:223,20,1,3
BRDA:234,21,0,2
BRDA:234,21,1,0
BRDA:236,22,0,0
BRDA:256,23,0,1
BRDA:260,24,0,1
BRDA:288,25,0,1
BRDA:292,26,0,1
BRDA:296,27,0,1
BRDA:308,28,0,1
BRDA:308,28,1,0
BRDA:309,29,0,1
BRDA:309,29,1,1
BRDA:323,30,0,1
BRDA:323,30,1,0
BRF:43
BRH:36
end_of_record
TN:
SF:src/auth/auth.controller.ts
FN:18,(anonymous_4)
FN:22,(anonymous_5)
FN:28,(anonymous_6)
FN:36,(anonymous_7)
FN:44,(anonymous_8)
FNF:5
FNH:5
FNDA:4,(anonymous_4)
FNDA:1,(anonymous_5)
FNDA:1,(anonymous_6)
FNDA:1,(anonymous_7)
FNDA:1,(anonymous_8)
DA:1,1
DA:9,1
DA:10,1
DA:11,1
DA:12,1
DA:13,1
DA:17,1
DA:18,4
DA:22,1
DA:23,1
DA:28,1
DA:29,1
DA:36,1
DA:37,1
DA:44,1
DA:45,1
LF:16
LH:16
BRF:0
BRH:0
end_of_record
TN:
SF:src/auth/auth.service.ts
FN:16,(anonymous_11)
FN:21,(anonymous_12)
FN:77,(anonymous_13)
FN:113,(anonymous_14)
FN:128,(anonymous_15)
FN:140,(anonymous_16)
FN:149,(anonymous_17)
FNF:7
FNH:7
FNDA:17,(anonymous_11)
FNDA:9,(anonymous_12)
FNDA:4,(anonymous_13)
FNDA:2,(anonymous_14)
FNDA:2,(anonymous_15)
FNDA:4,(anonymous_16)
FNDA:7,(anonymous_17)
DA:1,2
DA:7,2
DA:8,2
DA:9,2
DA:12,2
DA:15,2
DA:17,17
DA:18,17
DA:23,9
DA:27,9
DA:28,1
DA:32,8
DA:33,8
DA:36,8
DA:37,1
DA:42,7
DA:45,2
DA:48,2
DA:69,2
DA:71,2
DA:78,4
DA:82,4
DA:83,2
DA:86,2
DA:88,2
DA:89,1
DA:93,1
DA:98,1
DA:100,1
DA:114,2
DA:129,2
DA:133,2
DA:134,1
DA:137,1
DA:141,4
DA:143,4
DA:150,7
DA:151,1
DA:154,6
DA:155,1
DA:158,5
DA:159,1
DA:162,4
DA:163,1
DA:166,3
DA:167,1
LF:46
LH:46
BRDA:27,0,0,1
BRDA:32,1,0,8
BRDA:36,2,0,1
BRDA:53,3,0,2
BRDA:53,3,1,1
BRDA:82,4,0,2
BRDA:82,5,0,4
BRDA:82,5,1,3
BRDA:88,6,0,1
BRDA:133,7,0,1
BRDA:150,8,0,1
BRDA:154,9,0,1
BRDA:158,10,0,1
BRDA:162,11,0,1
BRDA:166,12,0,1
BRF:15
BRH:15
end_of_record
TN:
SF:src/auth/guards/jwt-auth.guard.ts
FNF:0
FNH:0
DA:1,6
DA:2,6
DA:5,6
LF:3
LH:3
BRF:0
BRH:0
end_of_record
TN:
SF:src/auth/guards/roles.guard.ts
FN:9,(anonymous_2)
FN:11,(anonymous_3)
FN:22,(anonymous_4)
FNF:3
FNH:3
FNDA:7,(anonymous_2)
FNDA:6,(anonymous_3)
FNDA:6,(anonymous_4)
DA:1,1
DA:2,1
DA:5,1
DA:8,1
DA:9,7
DA:12,6
DA:17,6
DA:18,2
DA:21,4
DA:22,6
LF:10
LH:10
BRDA:17,0,0,2
BRF:1
BRH:1
end_of_record
TN:
SF:src/auth/strategies/jwt.strategy.ts
FN:9,(anonymous_2)
FN:20,(anonymous_3)
FNF:2
FNH:2
FNDA:4,(anonymous_2)
FNDA:4,(anonymous_3)
DA:1,1
DA:2,1
DA:3,1
DA:4,1
DA:5,1
DA:8,1
DA:11,4
DA:13,4
DA:21,4
DA:31,4
DA:32,1
DA:35,3
DA:36,2
DA:39,1
LF:14
LH:14
BRDA:31,0,0,1
BRDA:35,1,0,2
BRF:2
BRH:2
end_of_record
TN:
SF:src/auth/strategies/local.strategy.ts
FN:9,(anonymous_11)
FN:13,(anonymous_12)
FNF:2
FNH:2
FNDA:4,(anonymous_11)
FNDA:4,(anonymous_12)
DA:1,1
DA:2,1
DA:3,1
DA:4,1
DA:5,1
DA:8,1
DA:9,4
DA:10,4
DA:14,4
DA:18,4
DA:19,2
DA:22,2
DA:24,2
DA:25,1
DA:28,1
LF:15
LH:15
BRDA:18,0,0,2
BRDA:18,1,0,4
BRDA:18,1,1,3
BRDA:24,2,0,1
BRF:4
BRH:4
end_of_record
TN:
SF:src/payments/payments.controller.ts
FN:22,(anonymous_4)
FN:26,(anonymous_5)
FN:32,(anonymous_6)
FN:50,(anonymous_7)
FN:56,(anonymous_8)
FN:62,(anonymous_9)
FNF:6
FNH:6
FNDA:7,(anonymous_4)
FNDA:1,(anonymous_5)
FNDA:2,(anonymous_6)
FNDA:1,(anonymous_7)
FNDA:1,(anonymous_8)
FNDA:2,(anonymous_9)
DA:1,1
DA:13,1
DA:14,1
DA:15,1
DA:21,1
DA:22,7
DA:26,1
DA:27,1
DA:32,1
DA:45,2
DA:50,1
DA:51,1
DA:56,1
DA:57,1
DA:62,1
DA:67,2
LF:16
LH:16
BRDA:69,0,0,1
BRDA:69,0,1,1
BRDA:70,1,0,1
BRDA:70,1,1,1
BRF:4
BRH:4
end_of_record
TN:
SF:src/payments/payments.service.ts
FN:6,(anonymous_2)
FN:8,(anonymous_3)
FN:15,(anonymous_4)
FN:61,(anonymous_5)
FN:83,(anonymous_6)
FN:114,(anonymous_7)
FN:152,(anonymous_8)
FN:173,(anonymous_9)
FNF:8
FNH:8
FNDA:17,(anonymous_2)
FNDA:2,(anonymous_3)
FNDA:4,(anonymous_4)
FNDA:2,(anonymous_5)
FNDA:4,(anonymous_6)
FNDA:2,(anonymous_7)
FNDA:2,(anonymous_8)
FNDA:1,(anonymous_9)
DA:1,2
DA:2,2
DA:5,2
DA:6,17
DA:9,2
DA:28,4
DA:32,4
DA:33,1
DA:37,3
DA:38,1
DA:45,3
DA:47,3
DA:62,2
DA:66,2
DA:67,1
DA:71,1
DA:77,1
DA:84,4
DA:88,4
DA:89,1
DA:92,3
DA:97,3
DA:98,2
DA:103,2
DA:104,1
DA:111,3
DA:115,2
DA:141,2
DA:160,2
DA:174,1
LF:30
LH:30
BRDA:32,0,0,1
BRDA:37,1,0,1
BRDA:45,2,0,3
BRDA:45,2,1,2
BRDA:66,3,0,1
BRDA:88,4,0,1
BRDA:97,5,0,2
BRDA:103,6,0,1
BRDA:114,7,0,1
BRDA:114,8,0,1
BRF:10
BRH:10
end_of_record
TN:
SF:src/prisma/prisma.service.ts
FN:9,(anonymous_1)
FN:13,(anonymous_2)
FNF:2
FNH:2
FNDA:1,(anonymous_1)
FNDA:4,(anonymous_2)
DA:1,13
DA:2,13
DA:5,13
DA:10,1
DA:14,4
LF:5
LH:5
BRF:0
BRH:0
end_of_record
TN:
SF:src/therapists/therapists.controller.ts
FN:17,(anonymous_4)
FN:29,(anonymous_5)
FN:53,(anonymous_6)
FN:60,(anonymous_7)
FN:69,(anonymous_8)
FN:85,(anonymous_9)
FNF:6
FNH:6
FNDA:9,(anonymous_4)
FNDA:3,(anonymous_5)
FNDA:1,(anonymous_6)
FNDA:1,(anonymous_7)
FNDA:2,(anonymous_8)
FNDA:2,(anonymous_9)
DA:1,1
DA:10,1
DA:11,1
DA:12,1
DA:16,1
DA:17,9
DA:29,1
DA:39,3
DA:53,1
DA:54,1
DA:60,1
DA:64,1
DA:69,1
DA:74,2
DA:85,1
DA:90,2
LF:16
LH:16
BRDA:40,0,0,1
BRDA:40,0,1,2
BRDA:41,1,0,1
BRDA:41,1,1,2
BRDA:45,2,0,1
BRDA:45,2,1,2
BRDA:46,3,0,1
BRDA:46,3,1,2
BRDA:47,4,0,1
BRDA:47,4,1,2
BRDA:76,5,0,1
BRDA:76,5,1,1
BRDA:77,6,0,1
BRDA:77,6,1,1
BRF:14
BRH:14
end_of_record
TN:
SF:src/therapists/therapists.service.ts
FN:7,(anonymous_2)
FN:9,(anonymous_3)
FN:102,(anonymous_4)
FN:135,(anonymous_5)
FN:160,(anonymous_6)
FN:166,(anonymous_7)
FN:170,(anonymous_8)
FN:177,(anonymous_9)
FN:184,(anonymous_10)
FN:205,(anonymous_11)
FNF:10
FNH:9
FNDA:17,(anonymous_2)
FNDA:8,(anonymous_3)
FNDA:2,(anonymous_4)
FNDA:2,(anonymous_5)
FNDA:1,(anonymous_6)
FNDA:1,(anonymous_7)
FNDA:0,(anonymous_8)
FNDA:2,(anonymous_9)
FNDA:3,(anonymous_10)
FNDA:2,(anonymous_11)
DA:1,2
DA:2,2
DA:3,2
DA:6,2
DA:7,17
DA:28,8
DA:30,8
DA:35,8
DA:36,1
DA:43,8
DA:44,1
DA:49,8
DA:50,1
DA:55,8
DA:56,1
DA:59,8
DA:60,1
DA:63,8
DA:64,1
DA:67,8
DA:91,8
DA:103,2
DA:128,2
DA:129,1
DA:132,1
DA:136,2
DA:153,2
DA:154,1
DA:158,1
DA:159,1
DA:160,1
DA:164,1
DA:166,1
DA:170,0
DA:178,2
DA:185,3
DA:204,3
DA:205,2
LF:38
LH:37
BRDA:20,0,0,7
BRDA:21,1,0,7
BRDA:35,2,0,1
BRDA:43,3,0,1
BRDA:49,4,0,1
BRDA:55,5,0,1
BRDA:59,6,0,1
BRDA:63,7,0,1
BRDA:128,8,0,1
BRDA:153,9,0,1
BRDA:184,10,0,2
BRDA:184,11,0,2
BRDA:207,12,0,1
BRDA:207,12,1,1
BRF:14
BRH:14
end_of_record
TN:
SF:src/users/users.controller.ts
FN:19,(anonymous_4)
FN:23,(anonymous_5)
FN:29,(anonymous_6)
FN:45,(anonymous_7)
FNF:4
FNH:4
FNDA:3,(anonymous_4)
FNDA:1,(anonymous_5)
FNDA:1,(anonymous_6)
FNDA:1,(anonymous_7)
DA:1,1
DA:10,1
DA:11,1
DA:12,1
DA:18,1
DA:19,3
DA:23,1
DA:24,1
DA:29,1
DA:40,1
DA:45,1
DA:46,1
LF:12
LH:12
BRF:0
BRH:0
end_of_record
TN:
SF:src/users/users.service.ts
FN:6,(anonymous_2)
FN:8,(anonymous_3)
FN:37,(anonymous_4)
FN:43,(anonymous_5)
FN:68,(anonymous_6)
FNF:5
FNH:5
FNDA:7,(anonymous_2)
FNDA:2,(anonymous_3)
FNDA:2,(anonymous_4)
FNDA:2,(anonymous_5)
FNDA:1,(anonymous_6)
DA:1,2
DA:2,2
DA:5,2
DA:6,7
DA:9,2
DA:30,2
DA:31,1
DA:34,1
DA:38,2
DA:51,2
DA:69,1
LF:11
LH:11
BRDA:30,0,0,1
BRF:1
BRH:1
end_of_record
